[LOG] SystemI::init                            : FMOD Studio Version: 00010801 (74554)
[LOG] SystemI::init                            : maxchannels = 1024, flags = 00030000, extradriverdata = 0000000000000000
[LOG] SystemI::close                           : 
[LOG] SystemI::close                           : Stop all sounds
[LOG] SystemI::close                           : done.

[LOG] OutputWASAPI::init                       : Mix Format (WAVEFORMATEX): wFormatTag=0xFFFE, nChannels=2, nSamplesPerSec=48000, nAvgBytesPerSec=384000, nBlockAlign=8, wBitsPerSample=32, cbSize=22.
[LOG] OutputWASAPI::init                       : Mix Format (WAVEFORMATEXTENSIBLE): wValidBitsPerSample=32, dwChannelMask=0x00000003, SubFormat=00000003-0000-0010-8000-00AA00389B71.
[LOG] OutputWASAPI::init                       : Output buffer size: 4096 samples, latency: 0.00ms, period: 10.00ms, DSP buffer: 1024 * 4
[LOG] Thread::initThread                       : Initializing FMOD mixer thread.  priority 3
[LOG] Thread::initThread                       : - Stacksize 49152.  Stack pointer 0000000000000000 : usesemaphore = 0 : sleeptime = 0
[LOG] Thread::callback                         : * FMOD mixer thread started
[LOG] SystemI::init                            : Set up emulated output
[LOG] SystemI::init                            : create the channel pool
[LOG] Thread::initThread                       : Initializing FMOD stream thread.  priority 2
[LOG] Thread::initThread                       : - Stacksize 65536.  Stack pointer 0000000000000000 : usesemaphore = 0 : sleeptime = 10
[LOG] Thread::callback                         : * FMOD stream thread started
[LOG] Thread::initThread                       : Initializing FMOD Studio update thread.  priority 0
[LOG] Thread::initThread                       : - Stacksize 65536.  Stack pointer 0000000000000000 : usesemaphore = 0 : sleeptime = 1
[LOG] Thread::callback                         : * FMOD Studio update thread started
[LOG] Thread::initThread                       : Initializing FMOD Studio sample load thread.  priority 0
[LOG] Thread::initThread                       : - Stacksize 65536.  Stack pointer 0000000000000000 : usesemaphore = 0 : sleeptime = 1
[LOG] Thread::callback                         : * FMOD Studio sample load thread started
[LOG] LiveUpdate::init                         : 
[LOG] Thread::initThread                       : Initializing FMOD Studio bank load thread.  priority 0
[LOG] Thread::initThread                       : - Stacksize 65536.  Stack pointer 0000000000000000 : usesemaphore = 0 : sleeptime = 1
[LOG] Thread::callback                         : * FMOD Studio bank load thread started
[LOG] Profile::init                            : Profiler listening on port: 9264
[LOG] Manager::readBank                        : fileversion = 62, compatVersion = 59 (oldest = 44, newest = 74)
[LOG] Manager::readBank                        : fileversion = 62, compatVersion = 59 (oldest = 44, newest = 74)
[LOG] PlaybackSystem::acquireMasterBus         : Setting master channel group format to 6
[LOG] SystemI::createSoundInternal             : filename =  : mode 0a000202
[LOG] SystemI::createSoundInternal             : exinfo->cbsize             = 232
[LOG] SystemI::createSoundInternal             : exinfo->length             = 15259328
[LOG] SystemI::createSoundInternal             : exinfo->fileoffset         = 68480
[LOG] SystemI::createSoundInternal             : exinfo->numsubsounds       = 1
[LOG] SystemI::createSoundInternal             : exinfo->inclusionlist      = 0000000077DCFB48
[LOG] SystemI::createSoundInternal             : exinfo->inclusionlistnum   = 1
[LOG] SystemI::createSoundInternal             : exinfo->suggestedsoundtype = 5
[LOG] SystemI::createSoundInternal             : exinfo->useropen           = 00007FFB46702DF0
[LOG] SystemI::createSoundInternal             : exinfo->userclose          = 00007FFB46702DC0
[LOG] SystemI::createSoundInternal             : exinfo->userread           = 00007FFB46702ED0
[LOG] SystemI::createSoundInternal             : exinfo->userseek           = 00007FFB46702F80
[LOG] SystemI::createSoundInternal             : exinfo->fileuserdata       = 000000004545FA08
[LOG] SystemI::createSoundInternal             : exinfo->initialseekpostype = 1
[LOG] SystemI::createSoundInternal             : Format has 1 subsounds.
[LOG] SystemI::createSoundInternal             : Create as FMOD_CREATESAMPLE
[LOG] SystemI::createSoundInternal             : Multi-sample sound (1 subsounds), create a sample container.
[LOG] SystemI::createSoundInternal             : creating subsound 0/1
[LOG] SystemI::createSample                    : mode 0a000202 length 768000 samples, lengthbytes 817760
[LOG] SystemI::createSample                    : channels = 2
[LOG] SystemI::createSample                    : output = 000000000DDB32A8
[LOG] OutputSoftware::createSample             : lengthpcm 768000, lengthbytes 817760, channels 2, format 2, freq 48000, mode 0a00020a
[LOG] SystemI::createSoundInternal             : done.  OpenState now = FMOD_OPENSTATE_READY.

[LOG] SystemI::createSoundInternal             : filename =  : mode 0a000202
[LOG] SystemI::createSoundInternal             : exinfo->cbsize             = 232
[LOG] SystemI::createSoundInternal             : exinfo->length             = 15259328
[LOG] SystemI::createSoundInternal             : exinfo->fileoffset         = 68480
[LOG] SystemI::createSoundInternal             : exinfo->numsubsounds       = 1
[LOG] SystemI::createSoundInternal             : exinfo->inclusionlist      = 0000000077DCFB48
[LOG] SystemI::createSoundInternal             : exinfo->inclusionlistnum   = 1
[LOG] SystemI::createSoundInternal             : exinfo->suggestedsoundtype = 5
[LOG] SystemI::createSoundInternal             : exinfo->useropen           = 00007FFB46702DF0
[LOG] SystemI::createSoundInternal             : exinfo->userclose          = 00007FFB46702DC0
[LOG] SystemI::createSoundInternal             : exinfo->userread           = 00007FFB46702ED0
[LOG] SystemI::createSoundInternal             : exinfo->userseek           = 00007FFB46702F80
[LOG] SystemI::createSoundInternal             : exinfo->fileuserdata       = 000000004545FA08
[LOG] SystemI::createSoundInternal             : exinfo->initialseekpostype = 1
[LOG] SystemI::createSoundInternal             : Format has 1 subsounds.
[LOG] SystemI::createSoundInternal             : Create as FMOD_CREATESAMPLE
[LOG] SystemI::createSoundInternal             : Multi-sample sound (1 subsounds), create a sample container.
[LOG] SystemI::createSoundInternal             : creating subsound 0/1
[LOG] SystemI::createSample                    : mode 0a000202 length 2304000 samples, lengthbytes 1981984
[LOG] SystemI::createSample                    : channels = 2
[LOG] SystemI::createSample                    : output = 000000000DDB32A8
[LOG] OutputSoftware::createSample             : lengthpcm 2304000, lengthbytes 1981984, channels 2, format 2, freq 48000, mode 0a00020a
[LOG] SystemI::createSoundInternal             : done.  OpenState now = FMOD_OPENSTATE_READY.

[LOG] SystemI::createSoundInternal             : filename =  : mode 0a000202
[LOG] SystemI::createSoundInternal             : exinfo->cbsize             = 232
[LOG] SystemI::createSoundInternal             : exinfo->length             = 15259328
[LOG] SystemI::createSoundInternal             : exinfo->fileoffset         = 68480
[LOG] SystemI::createSoundInternal             : exinfo->numsubsounds       = 1
[LOG] SystemI::createSoundInternal             : exinfo->inclusionlist      = 0000000077DCFB48
[LOG] SystemI::createSoundInternal             : exinfo->inclusionlistnum   = 1
[LOG] SystemI::createSoundInternal             : exinfo->suggestedsoundtype = 5
[LOG] SystemI::createSoundInternal             : exinfo->useropen           = 00007FFB46702DF0
[LOG] SystemI::createSoundInternal             : exinfo->userclose          = 00007FFB46702DC0
[LOG] SystemI::createSoundInternal             : exinfo->userread           = 00007FFB46702ED0
[LOG] SystemI::createSoundInternal             : exinfo->userseek           = 00007FFB46702F80
[LOG] SystemI::createSoundInternal             : exinfo->fileuserdata       = 000000004545FA08
[LOG] SystemI::createSoundInternal             : exinfo->initialseekpostype = 1
[LOG] SystemI::createSoundInternal             : Format has 1 subsounds.
[LOG] SystemI::createSoundInternal             : Create as FMOD_CREATESAMPLE
[LOG] SystemI::createSoundInternal             : Multi-sample sound (1 subsounds), create a sample container.
[LOG] SystemI::createSoundInternal             : creating subsound 0/1
[LOG] SystemI::createSample                    : mode 0a000202 length 768000 samples, lengthbytes 815200
[LOG] SystemI::createSample                    : channels = 2
[LOG] SystemI::createSample                    : output = 000000000DDB32A8
[LOG] OutputSoftware::createSample             : lengthpcm 768000, lengthbytes 815200, channels 2, format 2, freq 48000, mode 0a00020a
[LOG] SystemI::createSoundInternal             : done.  OpenState now = FMOD_OPENSTATE_READY.

[LOG] SystemI::createSoundInternal             : filename =  : mode 0a000202
[LOG] SystemI::createSoundInternal             : exinfo->cbsize             = 232
[LOG] SystemI::createSoundInternal             : exinfo->length             = 15259328
[LOG] SystemI::createSoundInternal             : exinfo->fileoffset         = 68480
[LOG] SystemI::createSoundInternal             : exinfo->numsubsounds       = 1
[LOG] SystemI::createSoundInternal             : exinfo->inclusionlist      = 0000000077DCFB48
[LOG] SystemI::createSoundInternal             : exinfo->inclusionlistnum   = 1
[LOG] SystemI::createSoundInternal             : exinfo->suggestedsoundtype = 5
[LOG] SystemI::createSoundInternal             : exinfo->useropen           = 00007FFB46702DF0
[LOG] SystemI::createSoundInternal             : exinfo->userclose          = 00007FFB46702DC0
[LOG] SystemI::createSoundInternal             : exinfo->userread           = 00007FFB46702ED0
[LOG] SystemI::createSoundInternal             : exinfo->userseek           = 00007FFB46702F80
[LOG] SystemI::createSoundInternal             : exinfo->fileuserdata       = 000000004545FA08
[LOG] SystemI::createSoundInternal             : exinfo->initialseekpostype = 1
[LOG] SystemI::createSoundInternal             : Format has 1 subsounds.
[LOG] SystemI::createSoundInternal             : Create as FMOD_CREATESAMPLE
[LOG] SystemI::createSoundInternal             : Multi-sample sound (1 subsounds), create a sample container.
[LOG] SystemI::createSoundInternal             : creating subsound 0/1
[LOG] SystemI::createSample                    : mode 0a000202 length 576000 samples, lengthbytes 603264
[LOG] SystemI::createSample                    : channels = 2
[LOG] SystemI::createSample                    : output = 000000000DDB32A8
[LOG] OutputSoftware::createSample             : lengthpcm 576000, lengthbytes 603264, channels 2, format 2, freq 48000, mode 0a00020a
[LOG] SystemI::createSoundInternal             : done.  OpenState now = FMOD_OPENSTATE_READY.

[LOG] SystemI::createSoundInternal             : filename =  : mode 0a000202
[LOG] SystemI::createSoundInternal             : exinfo->cbsize             = 232
[LOG] SystemI::createSoundInternal             : exinfo->length             = 15259328
[LOG] SystemI::createSoundInternal             : exinfo->fileoffset         = 68480
[LOG] SystemI::createSoundInternal             : exinfo->numsubsounds       = 1
[LOG] SystemI::createSoundInternal             : exinfo->inclusionlist      = 0000000077DCFB48
[LOG] SystemI::createSoundInternal             : exinfo->inclusionlistnum   = 1
[LOG] SystemI::createSoundInternal             : exinfo->suggestedsoundtype = 5
[LOG] SystemI::createSoundInternal             : exinfo->useropen           = 00007FFB46702DF0
[LOG] SystemI::createSoundInternal             : exinfo->userclose          = 00007FFB46702DC0
[LOG] SystemI::createSoundInternal             : exinfo->userread           = 00007FFB46702ED0
[LOG] SystemI::createSoundInternal             : exinfo->userseek           = 00007FFB46702F80
[LOG] SystemI::createSoundInternal             : exinfo->fileuserdata       = 000000004545FA08
[LOG] SystemI::createSoundInternal             : exinfo->initialseekpostype = 1
[LOG] SystemI::createSoundInternal             : Format has 1 subsounds.
[LOG] SystemI::createSoundInternal             : Create as FMOD_CREATESAMPLE
[LOG] SystemI::createSoundInternal             : Multi-sample sound (1 subsounds), create a sample container.
[LOG] SystemI::createSoundInternal             : creating subsound 0/1
[LOG] SystemI::createSample                    : mode 0a000202 length 384000 samples, lengthbytes 180672
[LOG] SystemI::createSample                    : channels = 2
[LOG] SystemI::createSample                    : output = 000000000DDB32A8
[LOG] OutputSoftware::createSample             : lengthpcm 384000, lengthbytes 180672, channels 2, format 2, freq 48000, mode 0a00020a
[LOG] SystemI::createSoundInternal             : done.  OpenState now = FMOD_OPENSTATE_READY.

[LOG] SystemI::createSoundInternal             : filename =  : mode 0a000202
[LOG] SystemI::createSoundInternal             : exinfo->cbsize             = 232
[LOG] SystemI::createSoundInternal             : exinfo->length             = 15259328
[LOG] SystemI::createSoundInternal             : exinfo->fileoffset         = 68480
[LOG] SystemI::createSoundInternal             : exinfo->numsubsounds       = 1
[LOG] SystemI::createSoundInternal             : exinfo->inclusionlist      = 0000000077DCFB48
[LOG] SystemI::createSoundInternal             : exinfo->inclusionlistnum   = 1
[LOG] SystemI::createSoundInternal             : exinfo->suggestedsoundtype = 5
[LOG] SystemI::createSoundInternal             : exinfo->useropen           = 00007FFB46702DF0
[LOG] SystemI::createSoundInternal             : exinfo->userclose          = 00007FFB46702DC0
[LOG] SystemI::createSoundInternal             : exinfo->userread           = 00007FFB46702ED0
[LOG] SystemI::createSoundInternal             : exinfo->userseek           = 00007FFB46702F80
[LOG] SystemI::createSoundInternal             : exinfo->fileuserdata       = 000000004545ED48
[LOG] SystemI::createSoundInternal             : exinfo->initialseekpostype = 1
[LOG] SystemI::createSoundInternal             : Format has 1 subsounds.
[LOG] SystemI::createSoundInternal             : Create as FMOD_CREATESAMPLE
[LOG] SystemI::createSoundInternal             : Multi-sample sound (1 subsounds), create a sample container.
[LOG] SystemI::createSoundInternal             : creating subsound 0/1
[LOG] SystemI::createSample                    : mode 0a000202 length 47641 samples, lengthbytes 37760
[LOG] SystemI::createSample                    : channels = 1
[LOG] SystemI::createSample                    : output = 000000000DDB32A8
[LOG] OutputSoftware::createSample             : lengthpcm 47641, lengthbytes 37760, channels 1, format 2, freq 48000, mode 0a00020a
[LOG] SystemI::createSoundInternal             : done.  OpenState now = FMOD_OPENSTATE_READY.

[LOG] SystemI::createSoundInternal             : filename =  : mode 0a000202
[LOG] SystemI::createSoundInternal             : exinfo->cbsize             = 232
[LOG] SystemI::createSoundInternal             : exinfo->length             = 15259328
[LOG] SystemI::createSoundInternal             : exinfo->fileoffset         = 68480
[LOG] SystemI::createSoundInternal             : exinfo->numsubsounds       = 1
[LOG] SystemI::createSoundInternal             : exinfo->inclusionlist      = 0000000077DCFB48
[LOG] SystemI::createSoundInternal             : exinfo->inclusionlistnum   = 1
[LOG] SystemI::createSoundInternal             : exinfo->suggestedsoundtype = 5
[LOG] SystemI::createSoundInternal             : exinfo->useropen           = 00007FFB46702DF0
[LOG] SystemI::createSoundInternal             : exinfo->userclose          = 00007FFB46702DC0
[LOG] SystemI::createSoundInternal             : exinfo->userread           = 00007FFB46702ED0
[LOG] SystemI::createSoundInternal             : exinfo->userseek           = 00007FFB46702F80
[LOG] SystemI::createSoundInternal             : exinfo->fileuserdata       = 000000004545ED48
[LOG] SystemI::createSoundInternal             : exinfo->initialseekpostype = 1
[LOG] SystemI::createSoundInternal             : Format has 1 subsounds.
[LOG] SystemI::createSoundInternal             : Create as FMOD_CREATESAMPLE
[LOG] SystemI::createSoundInternal             : Multi-sample sound (1 subsounds), create a sample container.
[LOG] SystemI::createSoundInternal             : creating subsound 0/1
[LOG] SystemI::createSample                    : mode 0a000202 length 61885 samples, lengthbytes 46816
[LOG] SystemI::createSample                    : channels = 1
[LOG] SystemI::createSample                    : output = 000000000DDB32A8
[LOG] OutputSoftware::createSample             : lengthpcm 61885, lengthbytes 46816, channels 1, format 2, freq 48000, mode 0a00020a
[LOG] SystemI::createSoundInternal             : done.  OpenState now = FMOD_OPENSTATE_READY.

[LOG] SystemI::createSoundInternal             : filename =  : mode 0a000202
[LOG] SystemI::createSoundInternal             : exinfo->cbsize             = 232
[LOG] SystemI::createSoundInternal             : exinfo->length             = 15259328
[LOG] SystemI::createSoundInternal             : exinfo->fileoffset         = 68480
[LOG] SystemI::createSoundInternal             : exinfo->numsubsounds       = 1
[LOG] SystemI::createSoundInternal             : exinfo->inclusionlist      = 0000000077DCFB48
[LOG] SystemI::createSoundInternal             : exinfo->inclusionlistnum   = 1
[LOG] SystemI::createSoundInternal             : exinfo->suggestedsoundtype = 5
[LOG] SystemI::createSoundInternal             : exinfo->useropen           = 00007FFB46702DF0
[LOG] SystemI::createSoundInternal             : exinfo->userclose          = 00007FFB46702DC0
[LOG] SystemI::createSoundInternal             : exinfo->userread           = 00007FFB46702ED0
[LOG] SystemI::createSoundInternal             : exinfo->userseek           = 00007FFB46702F80
[LOG] SystemI::createSoundInternal             : exinfo->fileuserdata       = 000000004545ED48
[LOG] SystemI::createSoundInternal             : exinfo->initialseekpostype = 1
[LOG] SystemI::createSoundInternal             : Format has 1 subsounds.
[LOG] SystemI::createSoundInternal             : Create as FMOD_CREATESAMPLE
[LOG] SystemI::createSoundInternal             : Multi-sample sound (1 subsounds), create a sample container.
[LOG] SystemI::createSoundInternal             : creating subsound 0/1
[LOG] SystemI::createSample                    : mode 0a000202 length 23870 samples, lengthbytes 17728
[LOG] SystemI::createSample                    : channels = 1
[LOG] SystemI::createSample                    : output = 000000000DDB32A8
[LOG] OutputSoftware::createSample             : lengthpcm 23870, lengthbytes 17728, channels 1, format 2, freq 48000, mode 0a00020a
[LOG] SystemI::createSoundInternal             : done.  OpenState now = FMOD_OPENSTATE_READY.

[LOG] SystemI::createSoundInternal             : filename =  : mode 0a000202
[LOG] SystemI::createSoundInternal             : exinfo->cbsize             = 232
[LOG] SystemI::createSoundInternal             : exinfo->length             = 15259328
[LOG] SystemI::createSoundInternal             : exinfo->fileoffset         = 68480
[LOG] SystemI::createSoundInternal             : exinfo->numsubsounds       = 1
[LOG] SystemI::createSoundInternal             : exinfo->inclusionlist      = 0000000077DCFB48
[LOG] SystemI::createSoundInternal             : exinfo->inclusionlistnum   = 1
[LOG] SystemI::createSoundInternal             : exinfo->suggestedsoundtype = 5
[LOG] SystemI::createSoundInternal             : exinfo->useropen           = 00007FFB46702DF0
[LOG] SystemI::createSoundInternal             : exinfo->userclose          = 00007FFB46702DC0
[LOG] SystemI::createSoundInternal             : exinfo->userread           = 00007FFB46702ED0
[LOG] SystemI::createSoundInternal             : exinfo->userseek           = 00007FFB46702F80
[LOG] SystemI::createSoundInternal             : exinfo->fileuserdata       = 000000004545E2A8
[LOG] SystemI::createSoundInternal             : exinfo->initialseekpostype = 1
[LOG] SystemI::createSoundInternal             : Format has 1 subsounds.
[LOG] SystemI::createSoundInternal             : Create as FMOD_CREATESAMPLE
[LOG] SystemI::createSoundInternal             : Multi-sample sound (1 subsounds), create a sample container.
[LOG] SystemI::createSoundInternal             : creating subsound 0/1
[LOG] SystemI::createSample                    : mode 0a000202 length 31210 samples, lengthbytes 23712
[LOG] SystemI::createSample                    : channels = 1
[LOG] SystemI::createSample                    : output = 000000000DDB32A8
[LOG] OutputSoftware::createSample             : lengthpcm 31210, lengthbytes 23712, channels 1, format 2, freq 48000, mode 0a00020a
[LOG] SystemI::createSoundInternal             : done.  OpenState now = FMOD_OPENSTATE_READY.

[LOG] SystemI::createSoundInternal             : filename =  : mode 0a000202
[LOG] SystemI::createSoundInternal             : exinfo->cbsize             = 232
[LOG] SystemI::createSoundInternal             : exinfo->length             = 15259328
[LOG] SystemI::createSoundInternal             : exinfo->fileoffset         = 68480
[LOG] SystemI::createSoundInternal             : exinfo->numsubsounds       = 1
[LOG] SystemI::createSoundInternal             : exinfo->inclusionlist      = 0000000077DCFB48
[LOG] SystemI::createSoundInternal             : exinfo->inclusionlistnum   = 1
[LOG] SystemI::createSoundInternal             : exinfo->suggestedsoundtype = 5
[LOG] SystemI::createSoundInternal             : exinfo->useropen           = 00007FFB46702DF0
[LOG] SystemI::createSoundInternal             : exinfo->userclose          = 00007FFB46702DC0
[LOG] SystemI::createSoundInternal             : exinfo->userread           = 00007FFB46702ED0
[LOG] SystemI::createSoundInternal             : exinfo->userseek           = 00007FFB46702F80
[LOG] SystemI::createSoundInternal             : exinfo->fileuserdata       = 000000004545E2A8
[LOG] SystemI::createSoundInternal             : exinfo->initialseekpostype = 1
[LOG] SystemI::createSoundInternal             : Format has 1 subsounds.
[LOG] SystemI::createSoundInternal             : Create as FMOD_CREATESAMPLE
[LOG] SystemI::createSoundInternal             : Multi-sample sound (1 subsounds), create a sample container.
[LOG] SystemI::createSoundInternal             : creating subsound 0/1
[LOG] SystemI::createSample                    : mode 0a000202 length 29655 samples, lengthbytes 22624
[LOG] SystemI::createSample                    : channels = 1
[LOG] SystemI::createSample                    : output = 000000000DDB32A8
[LOG] OutputSoftware::createSample             : lengthpcm 29655, lengthbytes 22624, channels 1, format 2, freq 48000, mode 0a00020a
[LOG] SystemI::createSoundInternal             : done.  OpenState now = FMOD_OPENSTATE_READY.

[LOG] SystemI::createSoundInternal             : filename =  : mode 0a000202
[LOG] SystemI::createSoundInternal             : exinfo->cbsize             = 232
[LOG] SystemI::createSoundInternal             : exinfo->length             = 15259328
[LOG] SystemI::createSoundInternal             : exinfo->fileoffset         = 68480
[LOG] SystemI::createSoundInternal             : exinfo->numsubsounds       = 1
[LOG] SystemI::createSoundInternal             : exinfo->inclusionlist      = 0000000077DCFB48
[LOG] SystemI::createSoundInternal             : exinfo->inclusionlistnum   = 1
[LOG] SystemI::createSoundInternal             : exinfo->suggestedsoundtype = 5
[LOG] SystemI::createSoundInternal             : exinfo->useropen           = 00007FFB46702DF0
[LOG] SystemI::createSoundInternal             : exinfo->userclose          = 00007FFB46702DC0
[LOG] SystemI::createSoundInternal             : exinfo->userread           = 00007FFB46702ED0
[LOG] SystemI::createSoundInternal             : exinfo->userseek           = 00007FFB46702F80
[LOG] SystemI::createSoundInternal             : exinfo->fileuserdata       = 000000004545E2A8
[LOG] SystemI::createSoundInternal             : exinfo->initialseekpostype = 1
[LOG] SystemI::createSoundInternal             : Format has 1 subsounds.
[LOG] SystemI::createSoundInternal             : Create as FMOD_CREATESAMPLE
[LOG] SystemI::createSoundInternal             : Multi-sample sound (1 subsounds), create a sample container.
[LOG] SystemI::createSoundInternal             : creating subsound 0/1
[LOG] SystemI::createSample                    : mode 0a000202 length 16188 samples, lengthbytes 13344
[LOG] SystemI::createSample                    : channels = 1
[LOG] SystemI::createSample                    : output = 000000000DDB32A8
[LOG] OutputSoftware::createSample             : lengthpcm 16188, lengthbytes 13344, channels 1, format 2, freq 48000, mode 0a00020a
[LOG] SystemI::createSoundInternal             : done.  OpenState now = FMOD_OPENSTATE_READY.

[LOG] SystemI::createSoundInternal             : filename =  : mode 0a000202
[LOG] SystemI::createSoundInternal             : exinfo->cbsize             = 232
[LOG] SystemI::createSoundInternal             : exinfo->length             = 15259328
[LOG] SystemI::createSoundInternal             : exinfo->fileoffset         = 68480
[LOG] SystemI::createSoundInternal             : exinfo->numsubsounds       = 1
[LOG] SystemI::createSoundInternal             : exinfo->inclusionlist      = 0000000077DCFB48
[LOG] SystemI::createSoundInternal             : exinfo->inclusionlistnum   = 1
[LOG] SystemI::createSoundInternal             : exinfo->suggestedsoundtype = 5
[LOG] SystemI::createSoundInternal             : exinfo->useropen           = 00007FFB46702DF0
[LOG] SystemI::createSoundInternal             : exinfo->userclose          = 00007FFB46702DC0
[LOG] SystemI::createSoundInternal             : exinfo->userread           = 00007FFB46702ED0
[LOG] SystemI::createSoundInternal             : exinfo->userseek           = 00007FFB46702F80
[LOG] SystemI::createSoundInternal             : exinfo->fileuserdata       = 000000004545E2A8
[LOG] SystemI::createSoundInternal             : exinfo->initialseekpostype = 1
[LOG] SystemI::createSoundInternal             : Format has 1 subsounds.
[LOG] SystemI::createSoundInternal             : Create as FMOD_CREATESAMPLE
[LOG] SystemI::createSoundInternal             : Multi-sample sound (1 subsounds), create a sample container.
[LOG] SystemI::createSoundInternal             : creating subsound 0/1
[LOG] SystemI::createSample                    : mode 0a000202 length 20616 samples, lengthbytes 17664
[LOG] SystemI::createSample                    : channels = 1
[LOG] SystemI::createSample                    : output = 000000000DDB32A8
[LOG] OutputSoftware::createSample             : lengthpcm 20616, lengthbytes 17664, channels 1, format 2, freq 48000, mode 0a00020a
[LOG] SystemI::createSoundInternal             : done.  OpenState now = FMOD_OPENSTATE_READY.

[LOG] SystemI::createSoundInternal             : filename =  : mode 0a000202
[LOG] SystemI::createSoundInternal             : exinfo->cbsize             = 232
[LOG] SystemI::createSoundInternal             : exinfo->length             = 15259328
[LOG] SystemI::createSoundInternal             : exinfo->fileoffset         = 68480
[LOG] SystemI::createSoundInternal             : exinfo->numsubsounds       = 1
[LOG] SystemI::createSoundInternal             : exinfo->inclusionlist      = 0000000077DCFB48
[LOG] SystemI::createSoundInternal             : exinfo->inclusionlistnum   = 1
[LOG] SystemI::createSoundInternal             : exinfo->suggestedsoundtype = 5
[LOG] SystemI::createSoundInternal             : exinfo->useropen           = 00007FFB46702DF0
[LOG] SystemI::createSoundInternal             : exinfo->userclose          = 00007FFB46702DC0
[LOG] SystemI::createSoundInternal             : exinfo->userread           = 00007FFB46702ED0
[LOG] SystemI::createSoundInternal             : exinfo->userseek           = 00007FFB46702F80
[LOG] SystemI::createSoundInternal             : exinfo->fileuserdata       = 000000004545E2A8
[LOG] SystemI::createSoundInternal             : exinfo->initialseekpostype = 1
[LOG] SystemI::createSoundInternal             : Format has 1 subsounds.
[LOG] SystemI::createSoundInternal             : Create as FMOD_CREATESAMPLE
[LOG] SystemI::createSoundInternal             : Multi-sample sound (1 subsounds), create a sample container.
[LOG] SystemI::createSoundInternal             : creating subsound 0/1
[LOG] SystemI::createSample                    : mode 0a000202 length 12390 samples, lengthbytes 9888
[LOG] SystemI::createSample                    : channels = 1
[LOG] SystemI::createSample                    : output = 000000000DDB32A8
[LOG] OutputSoftware::createSample             : lengthpcm 12390, lengthbytes 9888, channels 1, format 2, freq 48000, mode 0a00020a
[LOG] SystemI::createSoundInternal             : done.  OpenState now = FMOD_OPENSTATE_READY.

[LOG] SystemI::createSoundInternal             : filename =  : mode 0a000202
[LOG] SystemI::createSoundInternal             : exinfo->cbsize             = 232
[LOG] SystemI::createSoundInternal             : exinfo->length             = 15259328
[LOG] SystemI::createSoundInternal             : exinfo->fileoffset         = 68480
[LOG] SystemI::createSoundInternal             : exinfo->numsubsounds       = 1
[LOG] SystemI::createSoundInternal             : exinfo->inclusionlist      = 0000000077DCFB48
[LOG] SystemI::createSoundInternal             : exinfo->inclusionlistnum   = 1
[LOG] SystemI::createSoundInternal             : exinfo->suggestedsoundtype = 5
[LOG] SystemI::createSoundInternal             : exinfo->useropen           = 00007FFB46702DF0
[LOG] SystemI::createSoundInternal             : exinfo->userclose          = 00007FFB46702DC0
[LOG] SystemI::createSoundInternal             : exinfo->userread           = 00007FFB46702ED0
[LOG] SystemI::createSoundInternal             : exinfo->userseek           = 00007FFB46702F80
[LOG] SystemI::createSoundInternal             : exinfo->fileuserdata       = 000000004545E2A8
[LOG] SystemI::createSoundInternal             : exinfo->initialseekpostype = 1
[LOG] SystemI::createSoundInternal             : Format has 1 subsounds.
[LOG] SystemI::createSoundInternal             : Create as FMOD_CREATESAMPLE
[LOG] SystemI::createSoundInternal             : Multi-sample sound (1 subsounds), create a sample container.
[LOG] SystemI::createSoundInternal             : creating subsound 0/1
[LOG] SystemI::createSample                    : mode 0a000202 length 31951 samples, lengthbytes 25152
[LOG] SystemI::createSample                    : channels = 1
[LOG] SystemI::createSample                    : output = 000000000DDB32A8
[LOG] OutputSoftware::createSample             : lengthpcm 31951, lengthbytes 25152, channels 1, format 2, freq 48000, mode 0a00020a
[LOG] SystemI::createSoundInternal             : done.  OpenState now = FMOD_OPENSTATE_READY.

[LOG] SystemI::createSoundInternal             : filename =  : mode 0a000202
[LOG] SystemI::createSoundInternal             : exinfo->cbsize             = 232
[LOG] SystemI::createSoundInternal             : exinfo->length             = 15259328
[LOG] SystemI::createSoundInternal             : exinfo->fileoffset         = 68480
[LOG] SystemI::createSoundInternal             : exinfo->numsubsounds       = 1
[LOG] SystemI::createSoundInternal             : exinfo->inclusionlist      = 0000000077DCFB48
[LOG] SystemI::createSoundInternal             : exinfo->inclusionlistnum   = 1
[LOG] SystemI::createSoundInternal             : exinfo->suggestedsoundtype = 5
[LOG] SystemI::createSoundInternal             : exinfo->useropen           = 00007FFB46702DF0
[LOG] SystemI::createSoundInternal             : exinfo->userclose          = 00007FFB46702DC0
[LOG] SystemI::createSoundInternal             : exinfo->userread           = 00007FFB46702ED0
[LOG] SystemI::createSoundInternal             : exinfo->userseek           = 00007FFB46702F80
[LOG] SystemI::createSoundInternal             : exinfo->fileuserdata       = 000000004545E2A8
[LOG] SystemI::createSoundInternal             : exinfo->initialseekpostype = 1
[LOG] SystemI::createSoundInternal             : Format has 1 subsounds.
[LOG] SystemI::createSoundInternal             : Create as FMOD_CREATESAMPLE
[LOG] SystemI::createSoundInternal             : Multi-sample sound (1 subsounds), create a sample container.
[LOG] SystemI::createSoundInternal             : creating subsound 0/1
[LOG] SystemI::createSample                    : mode 0a000202 length 39055 samples, lengthbytes 29792
[LOG] SystemI::createSample                    : channels = 1
[LOG] SystemI::createSample                    : output = 000000000DDB32A8
[LOG] OutputSoftware::createSample             : lengthpcm 39055, lengthbytes 29792, channels 1, format 2, freq 48000, mode 0a00020a
[LOG] SystemI::createSoundInternal             : done.  OpenState now = FMOD_OPENSTATE_READY.

[LOG] SystemI::createSoundInternal             : filename =  : mode 0a000202
[LOG] SystemI::createSoundInternal             : exinfo->cbsize             = 232
[LOG] SystemI::createSoundInternal             : exinfo->length             = 15259328
[LOG] SystemI::createSoundInternal             : exinfo->fileoffset         = 68480
[LOG] SystemI::createSoundInternal             : exinfo->numsubsounds       = 1
[LOG] SystemI::createSoundInternal             : exinfo->inclusionlist      = 0000000077DCFB48
[LOG] SystemI::createSoundInternal             : exinfo->inclusionlistnum   = 1
[LOG] SystemI::createSoundInternal             : exinfo->suggestedsoundtype = 5
[LOG] SystemI::createSoundInternal             : exinfo->useropen           = 00007FFB46702DF0
[LOG] SystemI::createSoundInternal             : exinfo->userclose          = 00007FFB46702DC0
[LOG] SystemI::createSoundInternal             : exinfo->userread           = 00007FFB46702ED0
[LOG] SystemI::createSoundInternal             : exinfo->userseek           = 00007FFB46702F80
[LOG] SystemI::createSoundInternal             : exinfo->fileuserdata       = 0000000045466448
[LOG] SystemI::createSoundInternal             : exinfo->initialseekpostype = 1
[LOG] SystemI::createSoundInternal             : Format has 1 subsounds.
[LOG] SystemI::createSoundInternal             : Create as FMOD_CREATESAMPLE
[LOG] SystemI::createSoundInternal             : Multi-sample sound (1 subsounds), create a sample container.
[LOG] SystemI::createSoundInternal             : creating subsound 0/1
[LOG] SystemI::createSample                    : mode 0a000202 length 275195 samples, lengthbytes 264672
[LOG] SystemI::createSample                    : channels = 2
[LOG] SystemI::createSample                    : output = 000000000DDB32A8
[LOG] OutputSoftware::createSample             : lengthpcm 275195, lengthbytes 264672, channels 2, format 2, freq 48000, mode 0a00020a
[LOG] SystemI::createSoundInternal             : done.  OpenState now = FMOD_OPENSTATE_READY.

[LOG] SystemI::createSoundInternal             : filename =  : mode 0a000202
[LOG] SystemI::createSoundInternal             : exinfo->cbsize             = 232
[LOG] SystemI::createSoundInternal             : exinfo->length             = 15259328
[LOG] SystemI::createSoundInternal             : exinfo->fileoffset         = 68480
[LOG] SystemI::createSoundInternal             : exinfo->numsubsounds       = 1
[LOG] SystemI::createSoundInternal             : exinfo->inclusionlist      = 0000000077DCFB48
[LOG] SystemI::createSoundInternal             : exinfo->inclusionlistnum   = 1
[LOG] SystemI::createSoundInternal             : exinfo->suggestedsoundtype = 5
[LOG] SystemI::createSoundInternal             : exinfo->useropen           = 00007FFB46702DF0
[LOG] SystemI::createSoundInternal             : exinfo->userclose          = 00007FFB46702DC0
[LOG] SystemI::createSoundInternal             : exinfo->userread           = 00007FFB46702ED0
[LOG] SystemI::createSoundInternal             : exinfo->userseek           = 00007FFB46702F80
[LOG] SystemI::createSoundInternal             : exinfo->fileuserdata       = 0000000045466448
[LOG] SystemI::createSoundInternal             : exinfo->initialseekpostype = 1
[LOG] SystemI::createSoundInternal             : Format has 1 subsounds.
[LOG] SystemI::createSoundInternal             : Create as FMOD_CREATESAMPLE
[LOG] SystemI::createSoundInternal             : Multi-sample sound (1 subsounds), create a sample container.
[LOG] SystemI::createSoundInternal             : creating subsound 0/1
[LOG] SystemI::createSample                    : mode 0a000202 length 275195 samples, lengthbytes 264896
[LOG] SystemI::createSample                    : channels = 2
[LOG] SystemI::createSample                    : output = 000000000DDB32A8
[LOG] OutputSoftware::createSample             : lengthpcm 275195, lengthbytes 264896, channels 2, format 2, freq 48000, mode 0a00020a
[LOG] SystemI::createSoundInternal             : done.  OpenState now = FMOD_OPENSTATE_READY.

[LOG] SystemI::createSoundInternal             : filename =  : mode 0a000202
[LOG] SystemI::createSoundInternal             : exinfo->cbsize             = 232
[LOG] SystemI::createSoundInternal             : exinfo->length             = 15259328
[LOG] SystemI::createSoundInternal             : exinfo->fileoffset         = 68480
[LOG] SystemI::createSoundInternal             : exinfo->numsubsounds       = 1
[LOG] SystemI::createSoundInternal             : exinfo->inclusionlist      = 0000000077DCFB48
[LOG] SystemI::createSoundInternal             : exinfo->inclusionlistnum   = 1
[LOG] SystemI::createSoundInternal             : exinfo->suggestedsoundtype = 5
[LOG] SystemI::createSoundInternal             : exinfo->useropen           = 00007FFB46702DF0
[LOG] SystemI::createSoundInternal             : exinfo->userclose          = 00007FFB46702DC0
[LOG] SystemI::createSoundInternal             : exinfo->userread           = 00007FFB46702ED0
[LOG] SystemI::createSoundInternal             : exinfo->userseek           = 00007FFB46702F80
[LOG] SystemI::createSoundInternal             : exinfo->fileuserdata       = 0000000045466448
[LOG] SystemI::createSoundInternal             : exinfo->initialseekpostype = 1
[LOG] SystemI::createSoundInternal             : Format has 1 subsounds.
[LOG] SystemI::createSoundInternal             : Create as FMOD_CREATESAMPLE
[LOG] SystemI::createSoundInternal             : Multi-sample sound (1 subsounds), create a sample container.
[LOG] SystemI::createSoundInternal             : creating subsound 0/1
[LOG] SystemI::createSample                    : mode 0a000202 length 275195 samples, lengthbytes 266464
[LOG] SystemI::createSample                    : channels = 2
[LOG] SystemI::createSample                    : output = 000000000DDB32A8
[LOG] OutputSoftware::createSample             : lengthpcm 275195, lengthbytes 266464, channels 2, format 2, freq 48000, mode 0a00020a
[LOG] SystemI::createSoundInternal             : done.  OpenState now = FMOD_OPENSTATE_READY.

[LOG] SystemI::createSoundInternal             : filename =  : mode 0a000202
[LOG] SystemI::createSoundInternal             : exinfo->cbsize             = 232
[LOG] SystemI::createSoundInternal             : exinfo->length             = 15259328
[LOG] SystemI::createSoundInternal             : exinfo->fileoffset         = 68480
[LOG] SystemI::createSoundInternal             : exinfo->numsubsounds       = 1
[LOG] SystemI::createSoundInternal             : exinfo->inclusionlist      = 0000000077DCFB48
[LOG] SystemI::createSoundInternal             : exinfo->inclusionlistnum   = 1
[LOG] SystemI::createSoundInternal             : exinfo->suggestedsoundtype = 5
[LOG] SystemI::createSoundInternal             : exinfo->useropen           = 00007FFB46702DF0
[LOG] SystemI::createSoundInternal             : exinfo->userclose          = 00007FFB46702DC0
[LOG] SystemI::createSoundInternal             : exinfo->userread           = 00007FFB46702ED0
[LOG] SystemI::createSoundInternal             : exinfo->userseek           = 00007FFB46702F80
[LOG] SystemI::createSoundInternal             : exinfo->fileuserdata       = 0000000045466448
[LOG] SystemI::createSoundInternal             : exinfo->initialseekpostype = 1
[LOG] SystemI::createSoundInternal             : Format has 1 subsounds.
[LOG] SystemI::createSoundInternal             : Create as FMOD_CREATESAMPLE
[LOG] SystemI::createSoundInternal             : Multi-sample sound (1 subsounds), create a sample container.
[LOG] SystemI::createSoundInternal             : creating subsound 0/1
[LOG] SystemI::createSample                    : mode 0a000202 length 275195 samples, lengthbytes 264672
[LOG] SystemI::createSample                    : channels = 2
[LOG] SystemI::createSample                    : output = 000000000DDB32A8
[LOG] OutputSoftware::createSample             : lengthpcm 275195, lengthbytes 264672, channels 2, format 2, freq 48000, mode 0a00020a
[LOG] SystemI::createSoundInternal             : done.  OpenState now = FMOD_OPENSTATE_READY.

[LOG] SystemI::createSoundInternal             : filename =  : mode 0a000202
[LOG] SystemI::createSoundInternal             : exinfo->cbsize             = 232
[LOG] SystemI::createSoundInternal             : exinfo->length             = 15259328
[LOG] SystemI::createSoundInternal             : exinfo->fileoffset         = 68480
[LOG] SystemI::createSoundInternal             : exinfo->numsubsounds       = 1
[LOG] SystemI::createSoundInternal             : exinfo->inclusionlist      = 0000000077DCFB48
[LOG] SystemI::createSoundInternal             : exinfo->inclusionlistnum   = 1
[LOG] SystemI::createSoundInternal             : exinfo->suggestedsoundtype = 5
[LOG] SystemI::createSoundInternal             : exinfo->useropen           = 00007FFB46702DF0
[LOG] SystemI::createSoundInternal             : exinfo->userclose          = 00007FFB46702DC0
[LOG] SystemI::createSoundInternal             : exinfo->userread           = 00007FFB46702ED0
[LOG] SystemI::createSoundInternal             : exinfo->userseek           = 00007FFB46702F80
[LOG] SystemI::createSoundInternal             : exinfo->fileuserdata       = 0000000045466448
[LOG] SystemI::createSoundInternal             : exinfo->initialseekpostype = 1
[LOG] SystemI::createSoundInternal             : Format has 1 subsounds.
[LOG] SystemI::createSoundInternal             : Create as FMOD_CREATESAMPLE
[LOG] SystemI::createSoundInternal             : Multi-sample sound (1 subsounds), create a sample container.
[LOG] SystemI::createSoundInternal             : creating subsound 0/1
[LOG] SystemI::createSample                    : mode 0a000202 length 275195 samples, lengthbytes 266464
[LOG] SystemI::createSample                    : channels = 2
[LOG] SystemI::createSample                    : output = 000000000DDB32A8
[LOG] OutputSoftware::createSample             : lengthpcm 275195, lengthbytes 266464, channels 2, format 2, freq 48000, mode 0a00020a
[LOG] SystemI::createSoundInternal             : done.  OpenState now = FMOD_OPENSTATE_READY.

[LOG] SystemI::createSoundInternal             : filename =  : mode 0a000202
[LOG] SystemI::createSoundInternal             : exinfo->cbsize             = 232
[LOG] SystemI::createSoundInternal             : exinfo->length             = 15259328
[LOG] SystemI::createSoundInternal             : exinfo->fileoffset         = 68480
[LOG] SystemI::createSoundInternal             : exinfo->numsubsounds       = 1
[LOG] SystemI::createSoundInternal             : exinfo->inclusionlist      = 0000000077DCFB48
[LOG] SystemI::createSoundInternal             : exinfo->inclusionlistnum   = 1
[LOG] SystemI::createSoundInternal             : exinfo->suggestedsoundtype = 5
[LOG] SystemI::createSoundInternal             : exinfo->useropen           = 00007FFB46702DF0
[LOG] SystemI::createSoundInternal             : exinfo->userclose          = 00007FFB46702DC0
[LOG] SystemI::createSoundInternal             : exinfo->userread           = 00007FFB46702ED0
[LOG] SystemI::createSoundInternal             : exinfo->userseek           = 00007FFB46702F80
[LOG] SystemI::createSoundInternal             : exinfo->fileuserdata       = 0000000045466448
[LOG] SystemI::createSoundInternal             : exinfo->initialseekpostype = 1
[LOG] SystemI::createSoundInternal             : Format has 1 subsounds.
[LOG] SystemI::createSoundInternal             : Create as FMOD_CREATESAMPLE
[LOG] SystemI::createSoundInternal             : Multi-sample sound (1 subsounds), create a sample container.
[LOG] SystemI::createSoundInternal             : creating subsound 0/1
[LOG] SystemI::createSample                    : mode 0a000202 length 275195 samples, lengthbytes 264896
[LOG] SystemI::createSample                    : channels = 2
[LOG] SystemI::createSample                    : output = 000000000DDB32A8
[LOG] OutputSoftware::createSample             : lengthpcm 275195, lengthbytes 264896, channels 2, format 2, freq 48000, mode 0a00020a
[LOG] SystemI::createSoundInternal             : done.  OpenState now = FMOD_OPENSTATE_READY.

[LOG] SoundI::release                          : (null) (0000000000745EE8)
[LOG] SoundI::release                          : release subsounds. (0000000000745EE8)
[LOG] SoundI::release                          :     (null) (0000000044AFA1E8)
[LOG] SoundI::release                          : release codec. (0000000000745EE8)
[LOG] SoundI::release                          : (null) (00000000512C4658)
[LOG] SoundI::release                          : release subsounds. (00000000512C4658)
[LOG] SoundI::release                          :     (null) (0000000044AF8F28)
[LOG] SoundI::release                          : release codec. (00000000512C4658)
[LOG] SoundI::release                          : (null) (0000000000746058)
[LOG] SoundI::release                          : release subsounds. (0000000000746058)
[LOG] SoundI::release                          :     (null) (0000000044AF4748)
[LOG] SoundI::release                          : release codec. (0000000000746058)
[LOG] SoundI::release                          : (null) (00000000512C4098)
[LOG] SoundI::release                          : release subsounds. (00000000512C4098)
[LOG] SoundI::release                          :     (null) (0000000044AF9A18)
[LOG] SoundI::release                          : release codec. (00000000512C4098)
[LOG] SoundI::release                          : (null) (00000000512C44E8)
[LOG] SoundI::release                          : release subsounds. (00000000512C44E8)
[LOG] SoundI::release                          :     (null) (0000000044AF7628)
[LOG] SoundI::release                          : release codec. (00000000512C44E8)
[LOG] SoundI::release                          : (null) (00000000512C47C8)
[LOG] SoundI::release                          : release subsounds. (00000000512C47C8)
[LOG] SoundI::release                          :     (null) (0000000044AFA058)
[LOG] SoundI::release                          : release codec. (00000000512C47C8)
[LOG] SoundI::release                          : (null) (000000005D62BD68)
[LOG] SoundI::release                          : release subsounds. (000000005D62BD68)
[LOG] SoundI::release                          :     (null) (0000000044AF64F8)
[LOG] SoundI::release                          : release codec. (000000005D62BD68)
[LOG] SoundI::release                          : (null) (000000005D62BBF8)
[LOG] SoundI::release                          : release subsounds. (000000005D62BBF8)
[LOG] SoundI::release                          :     (null) (0000000044AF9BA8)
[LOG] SoundI::release                          : release codec. (000000005D62BBF8)
[LOG] SoundI::release                          : (null) (000000005D62B7A8)
[LOG] SoundI::release                          : release subsounds. (000000005D62B7A8)
[LOG] SoundI::release                          :     (null) (0000000044AF61D8)
[LOG] SoundI::release                          : release codec. (000000005D62B7A8)
[LOG] SoundI::release                          : (null) (0000000051ABD8E8)
[LOG] SoundI::release                          : release subsounds. (0000000051ABD8E8)
[LOG] SoundI::release                          :     (null) (0000000044AF7178)
[LOG] SoundI::release                          : release codec. (0000000051ABD8E8)
[LOG] SoundI::release                          : (null) (0000000051ABC918)
[LOG] SoundI::release                          : release subsounds. (0000000051ABC918)
[LOG] SoundI::release                          :     (null) (0000000044AFB318)
[LOG] SoundI::release                          : release codec. (0000000051ABC918)
[LOG] SoundI::release                          : (null) (0000000051ABCA88)
[LOG] SoundI::release                          : release subsounds. (0000000051ABCA88)
[LOG] SoundI::release                          :     (null) (0000000044AF7498)
[LOG] SoundI::release                          : release codec. (0000000051ABCA88)
[LOG] SoundI::release                          : (null) (00000000512C4D88)
[LOG] SoundI::release                          : release subsounds. (00000000512C4D88)
[LOG] SoundI::release                          :     (null) (000000003180D338)
[LOG] SoundI::release                          : release codec. (00000000512C4D88)
[LOG] SoundI::release                          : (null) (00000000512C4378)
[LOG] SoundI::release                          : release subsounds. (00000000512C4378)
[LOG] SoundI::release                          :     (null) (000000003180CB68)
[LOG] SoundI::release                          : release codec. (00000000512C4378)
[LOG] SoundI::release                          : (null) (00000000512C4938)
[LOG] SoundI::release                          : release subsounds. (00000000512C4938)
[LOG] SoundI::release                          :     (null) (0000000044AFAB48)
[LOG] SoundI::release                          : release codec. (00000000512C4938)
[LOG] SoundI::release                          : (null) (000000005D62BED8)
[LOG] SoundI::release                          : release subsounds. (000000005D62BED8)
[LOG] SoundI::release                          :     (null) (0000000044AF8C08)
[LOG] SoundI::release                          : release codec. (000000005D62BED8)
[LOG] SoundI::release                          : (null) (0000000051ABCBF8)
[LOG] SoundI::release                          : release subsounds. (0000000051ABCBF8)
[LOG] SoundI::release                          :     (null) (0000000044AF4BF8)
[LOG] SoundI::release                          : release codec. (0000000051ABCBF8)
[LOG] SoundI::release                          : (null) (00000000512C4208)
[LOG] SoundI::release                          : release subsounds. (00000000512C4208)
[LOG] SoundI::release                          :     (null) (000000003180D1A8)
[LOG] SoundI::release                          : release codec. (00000000512C4208)
[LOG] SoundI::release                          : (null) (00000000512C4C18)
[LOG] SoundI::release                          : release subsounds. (00000000512C4C18)
[LOG] SoundI::release                          :     (null) (0000000044AFAE68)
[LOG] SoundI::release                          : release codec. (00000000512C4C18)
[LOG] SoundI::release                          : (null) (00000000512C4AA8)
[LOG] SoundI::release                          : release subsounds. (00000000512C4AA8)
[LOG] SoundI::release                          :     (null) (000000003180A138)
[LOG] SoundI::release                          : release codec. (00000000512C4AA8)
[LOG] SoundI::release                          : (null) (000000005D62C328)
[LOG] SoundI::release                          : release subsounds. (000000005D62C328)
[LOG] SoundI::release                          :     (null) (0000000044AF6818)
[LOG] SoundI::release                          : release codec. (000000005D62C328)
[LOG] Thread::callback                         : * FMOD Studio update thread finished
[LOG] Thread::close                            : FMOD Studio update thread thread destroyed
[LOG] Thread::callback                         : * FMOD Studio bank load thread finished
[LOG] Thread::close                            : FMOD Studio bank load thread thread destroyed
[LOG] Profile::disconnectAll                   : Profiler disconnecting all clients
[LOG] Thread::callback                         : * FMOD Studio sample load thread finished
[LOG] Thread::close                            : FMOD Studio sample load thread thread destroyed
[LOG] LiveUpdate::release                      : 
[LOG] SystemI::close                           : 
[LOG] SystemI::close                           : Stop all sounds
[LOG] Thread::callback                         : * FMOD stream thread finished
[LOG] Thread::close                            : FMOD stream thread thread destroyed
[LOG] SystemI::close                           : Stream thread destroyed
[LOG] Thread::callback                         : * FMOD mixer thread finished
[LOG] Thread::close                            : FMOD mixer thread thread destroyed
[LOG] SystemI::close                           : Free master channel group.
[LOG] SystemI::close                           : Remove 'master' sound group.
[LOG] SystemI::close                           : Free software output.
[LOG] SystemI::close                           : Free emulated output.
[LOG] SystemI::close                           : Free channel pool.
[LOG] SystemI::close                           : done.

