[LOG] System::create                           : Header version = 1.08.01. Current version = 1.08.01.
[LOG] SystemI::init                            : FMOD Studio Version: 00010801 (74554)
[LOG] SystemI::init                            : maxchannels = 256, flags = 00020000, extradriverdata = 0000000000000000
[LOG] SystemI::close                           : 
[LOG] SystemI::close                           : Stop all sounds
[LOG] SystemI::close                           : done.

[LOG] OutputWASAPI::init                       : Mix Format (WAVEFORMATEX): wFormatTag=0xFFFE, nChannels=2, nSamplesPerSec=48000, nAvgBytesPerSec=384000, nBlockAlign=8, wBitsPerSample=32, cbSize=22.
[LOG] OutputWASAPI::init                       : Mix Format (WAVEFORMATEXTENSIBLE): wValidBitsPerSample=32, dwChannelMask=0x00000003, SubFormat=00000003-0000-0010-8000-00AA00389B71.
[LOG] OutputWASAPI::init                       : Output buffer size: 4096 samples, latency: 0.00ms, period: 10.00ms, DSP buffer: 1024 * 4
[LOG] Thread::initThread                       : Initializing FMOD mixer thread.  priority 3
[LOG] Thread::initThread                       : - Stacksize 49152.  Stack pointer 0000000000000000 : usesemaphore = 0 : sleeptime = 0
[LOG] Thread::callback                         : * FMOD mixer thread started
[LOG] SystemI::init                            : Set up emulated output
[LOG] SystemI::init                            : create the channel pool
[LOG] Thread::initThread                       : Initializing FMOD stream thread.  priority 2
[LOG] Thread::initThread                       : - Stacksize 65536.  Stack pointer 0000000000000000 : usesemaphore = 0 : sleeptime = 10
[LOG] Thread::callback                         : * FMOD stream thread started
[LOG] Thread::initThread                       : Initializing FMOD Studio sample load thread.  priority 0
[LOG] Thread::initThread                       : - Stacksize 65536.  Stack pointer 0000000000000000 : usesemaphore = 0 : sleeptime = 1
[LOG] Thread::callback                         : * FMOD Studio sample load thread started
[LOG] Thread::initThread                       : Initializing FMOD Studio bank load thread.  priority 0
[LOG] Thread::initThread                       : - Stacksize 65536.  Stack pointer 0000000000000000 : usesemaphore = 0 : sleeptime = 1
[LOG] Thread::callback                         : * FMOD Studio bank load thread started
[LOG] SystemI::createSoundInternal             : filename =  : mode 0a000202
[LOG] SystemI::createSoundInternal             : exinfo->cbsize             = 232
[LOG] SystemI::createSoundInternal             : exinfo->length             = 15259328
[LOG] SystemI::createSoundInternal             : exinfo->fileoffset         = 68480
[LOG] SystemI::createSoundInternal             : exinfo->numsubsounds       = 1
[LOG] SystemI::createSoundInternal             : exinfo->inclusionlist      = 0000000054A4FB48
[LOG] SystemI::createSoundInternal             : exinfo->inclusionlistnum   = 1
[LOG] SystemI::createSoundInternal             : exinfo->suggestedsoundtype = 5
[LOG] SystemI::createSoundInternal             : exinfo->useropen           = 00007FFAB4482DF0
[LOG] SystemI::createSoundInternal             : exinfo->userclose          = 00007FFAB4482DC0
[LOG] SystemI::createSoundInternal             : exinfo->userread           = 00007FFAB4482ED0
[LOG] SystemI::createSoundInternal             : exinfo->userseek           = 00007FFAB4482F80
[LOG] SystemI::createSoundInternal             : exinfo->fileuserdata       = 0000000043A86578
[LOG] SystemI::createSoundInternal             : exinfo->initialseekpostype = 1
[LOG] SystemI::createSoundInternal             : Format has 1 subsounds.
[LOG] SystemI::createSoundInternal             : Create as FMOD_CREATESAMPLE
[LOG] SystemI::createSoundInternal             : Multi-sample sound (1 subsounds), create a sample container.
[LOG] SystemI::createSoundInternal             : creating subsound 0/1
[LOG] SystemI::createSample                    : mode 0a000202 length 31210 samples, lengthbytes 23712
[LOG] SystemI::createSample                    : channels = 1
[LOG] SystemI::createSample                    : output = 000000002EA04778
[LOG] OutputSoftware::createSample             : lengthpcm 31210, lengthbytes 23712, channels 1, format 2, freq 48000, mode 0a00020a
[LOG] SystemI::createSoundInternal             : done.  OpenState now = FMOD_OPENSTATE_READY.

[LOG] SystemI::createSoundInternal             : filename =  : mode 0a000202
[LOG] SystemI::createSoundInternal             : exinfo->cbsize             = 232
[LOG] SystemI::createSoundInternal             : exinfo->length             = 15259328
[LOG] SystemI::createSoundInternal             : exinfo->fileoffset         = 68480
[LOG] SystemI::createSoundInternal             : exinfo->numsubsounds       = 1
[LOG] SystemI::createSoundInternal             : exinfo->inclusionlist      = 0000000054A4FB48
[LOG] SystemI::createSoundInternal             : exinfo->inclusionlistnum   = 1
[LOG] SystemI::createSoundInternal             : exinfo->suggestedsoundtype = 5
[LOG] SystemI::createSoundInternal             : exinfo->useropen           = 00007FFAB4482DF0
[LOG] SystemI::createSoundInternal             : exinfo->userclose          = 00007FFAB4482DC0
[LOG] SystemI::createSoundInternal             : exinfo->userread           = 00007FFAB4482ED0
[LOG] SystemI::createSoundInternal             : exinfo->userseek           = 00007FFAB4482F80
[LOG] SystemI::createSoundInternal             : exinfo->fileuserdata       = 0000000043A86578
[LOG] SystemI::createSoundInternal             : exinfo->initialseekpostype = 1
[LOG] SystemI::createSoundInternal             : Format has 1 subsounds.
[LOG] SystemI::createSoundInternal             : Create as FMOD_CREATESAMPLE
[LOG] SystemI::createSoundInternal             : Multi-sample sound (1 subsounds), create a sample container.
[LOG] SystemI::createSoundInternal             : creating subsound 0/1
[LOG] SystemI::createSample                    : mode 0a000202 length 29655 samples, lengthbytes 22624
[LOG] SystemI::createSample                    : channels = 1
[LOG] SystemI::createSample                    : output = 000000002EA04778
[LOG] OutputSoftware::createSample             : lengthpcm 29655, lengthbytes 22624, channels 1, format 2, freq 48000, mode 0a00020a
[LOG] SystemI::createSoundInternal             : done.  OpenState now = FMOD_OPENSTATE_READY.

[LOG] SystemI::createSoundInternal             : filename =  : mode 0a000202
[LOG] SystemI::createSoundInternal             : exinfo->cbsize             = 232
[LOG] SystemI::createSoundInternal             : exinfo->length             = 15259328
[LOG] SystemI::createSoundInternal             : exinfo->fileoffset         = 68480
[LOG] SystemI::createSoundInternal             : exinfo->numsubsounds       = 1
[LOG] SystemI::createSoundInternal             : exinfo->inclusionlist      = 0000000054A4FB48
[LOG] SystemI::createSoundInternal             : exinfo->inclusionlistnum   = 1
[LOG] SystemI::createSoundInternal             : exinfo->suggestedsoundtype = 5
[LOG] SystemI::createSoundInternal             : exinfo->useropen           = 00007FFAB4482DF0
[LOG] SystemI::createSoundInternal             : exinfo->userclose          = 00007FFAB4482DC0
[LOG] SystemI::createSoundInternal             : exinfo->userread           = 00007FFAB4482ED0
[LOG] SystemI::createSoundInternal             : exinfo->userseek           = 00007FFAB4482F80
[LOG] SystemI::createSoundInternal             : exinfo->fileuserdata       = 0000000043A86578
[LOG] SystemI::createSoundInternal             : exinfo->initialseekpostype = 1
[LOG] SystemI::createSoundInternal             : Format has 1 subsounds.
[LOG] SystemI::createSoundInternal             : Create as FMOD_CREATESAMPLE
[LOG] SystemI::createSoundInternal             : Multi-sample sound (1 subsounds), create a sample container.
[LOG] SystemI::createSoundInternal             : creating subsound 0/1
[LOG] SystemI::createSample                    : mode 0a000202 length 16188 samples, lengthbytes 13344
[LOG] SystemI::createSample                    : channels = 1
[LOG] SystemI::createSample                    : output = 000000002EA04778
[LOG] OutputSoftware::createSample             : lengthpcm 16188, lengthbytes 13344, channels 1, format 2, freq 48000, mode 0a00020a
[LOG] SystemI::createSoundInternal             : done.  OpenState now = FMOD_OPENSTATE_READY.

[LOG] SystemI::createSoundInternal             : filename =  : mode 0a000202
[LOG] SystemI::createSoundInternal             : exinfo->cbsize             = 232
[LOG] SystemI::createSoundInternal             : exinfo->length             = 15259328
[LOG] SystemI::createSoundInternal             : exinfo->fileoffset         = 68480
[LOG] SystemI::createSoundInternal             : exinfo->numsubsounds       = 1
[LOG] SystemI::createSoundInternal             : exinfo->inclusionlist      = 0000000054A4FB48
[LOG] SystemI::createSoundInternal             : exinfo->inclusionlistnum   = 1
[LOG] SystemI::createSoundInternal             : exinfo->suggestedsoundtype = 5
[LOG] SystemI::createSoundInternal             : exinfo->useropen           = 00007FFAB4482DF0
[LOG] SystemI::createSoundInternal             : exinfo->userclose          = 00007FFAB4482DC0
[LOG] SystemI::createSoundInternal             : exinfo->userread           = 00007FFAB4482ED0
[LOG] SystemI::createSoundInternal             : exinfo->userseek           = 00007FFAB4482F80
[LOG] SystemI::createSoundInternal             : exinfo->fileuserdata       = 0000000043A86578
[LOG] SystemI::createSoundInternal             : exinfo->initialseekpostype = 1
[LOG] SystemI::createSoundInternal             : Format has 1 subsounds.
[LOG] SystemI::createSoundInternal             : Create as FMOD_CREATESAMPLE
[LOG] SystemI::createSoundInternal             : Multi-sample sound (1 subsounds), create a sample container.
[LOG] SystemI::createSoundInternal             : creating subsound 0/1
[LOG] SystemI::createSample                    : mode 0a000202 length 20616 samples, lengthbytes 17664
[LOG] SystemI::createSample                    : channels = 1
[LOG] SystemI::createSample                    : output = 000000002EA04778
[LOG] OutputSoftware::createSample             : lengthpcm 20616, lengthbytes 17664, channels 1, format 2, freq 48000, mode 0a00020a
[LOG] SystemI::createSoundInternal             : done.  OpenState now = FMOD_OPENSTATE_READY.

[LOG] SystemI::createSoundInternal             : filename =  : mode 0a000202
[LOG] SystemI::createSoundInternal             : exinfo->cbsize             = 232
[LOG] SystemI::createSoundInternal             : exinfo->length             = 15259328
[LOG] SystemI::createSoundInternal             : exinfo->fileoffset         = 68480
[LOG] SystemI::createSoundInternal             : exinfo->numsubsounds       = 1
[LOG] SystemI::createSoundInternal             : exinfo->inclusionlist      = 0000000054A4FB48
[LOG] SystemI::createSoundInternal             : exinfo->inclusionlistnum   = 1
[LOG] SystemI::createSoundInternal             : exinfo->suggestedsoundtype = 5
[LOG] SystemI::createSoundInternal             : exinfo->useropen           = 00007FFAB4482DF0
[LOG] SystemI::createSoundInternal             : exinfo->userclose          = 00007FFAB4482DC0
[LOG] SystemI::createSoundInternal             : exinfo->userread           = 00007FFAB4482ED0
[LOG] SystemI::createSoundInternal             : exinfo->userseek           = 00007FFAB4482F80
[LOG] SystemI::createSoundInternal             : exinfo->fileuserdata       = 0000000043A86578
[LOG] SystemI::createSoundInternal             : exinfo->initialseekpostype = 1
[LOG] SystemI::createSoundInternal             : Format has 1 subsounds.
[LOG] SystemI::createSoundInternal             : Create as FMOD_CREATESAMPLE
[LOG] SystemI::createSoundInternal             : Multi-sample sound (1 subsounds), create a sample container.
[LOG] SystemI::createSoundInternal             : creating subsound 0/1
[LOG] SystemI::createSample                    : mode 0a000202 length 12390 samples, lengthbytes 9888
[LOG] SystemI::createSample                    : channels = 1
[LOG] SystemI::createSample                    : output = 000000002EA04778
[LOG] OutputSoftware::createSample             : lengthpcm 12390, lengthbytes 9888, channels 1, format 2, freq 48000, mode 0a00020a
[LOG] SystemI::createSoundInternal             : done.  OpenState now = FMOD_OPENSTATE_READY.

[LOG] SystemI::createSoundInternal             : filename =  : mode 0a000202
[LOG] SystemI::createSoundInternal             : exinfo->cbsize             = 232
[LOG] SystemI::createSoundInternal             : exinfo->length             = 15259328
[LOG] SystemI::createSoundInternal             : exinfo->fileoffset         = 68480
[LOG] SystemI::createSoundInternal             : exinfo->numsubsounds       = 1
[LOG] SystemI::createSoundInternal             : exinfo->inclusionlist      = 0000000054A4FB48
[LOG] SystemI::createSoundInternal             : exinfo->inclusionlistnum   = 1
[LOG] SystemI::createSoundInternal             : exinfo->suggestedsoundtype = 5
[LOG] SystemI::createSoundInternal             : exinfo->useropen           = 00007FFAB4482DF0
[LOG] SystemI::createSoundInternal             : exinfo->userclose          = 00007FFAB4482DC0
[LOG] SystemI::createSoundInternal             : exinfo->userread           = 00007FFAB4482ED0
[LOG] SystemI::createSoundInternal             : exinfo->userseek           = 00007FFAB4482F80
[LOG] SystemI::createSoundInternal             : exinfo->fileuserdata       = 0000000043A86578
[LOG] SystemI::createSoundInternal             : exinfo->initialseekpostype = 1
[LOG] SystemI::createSoundInternal             : Format has 1 subsounds.
[LOG] SystemI::createSoundInternal             : Create as FMOD_CREATESAMPLE
[LOG] SystemI::createSoundInternal             : Multi-sample sound (1 subsounds), create a sample container.
[LOG] SystemI::createSoundInternal             : creating subsound 0/1
[LOG] SystemI::createSample                    : mode 0a000202 length 31951 samples, lengthbytes 25152
[LOG] SystemI::createSample                    : channels = 1
[LOG] SystemI::createSample                    : output = 000000002EA04778
[LOG] OutputSoftware::createSample             : lengthpcm 31951, lengthbytes 25152, channels 1, format 2, freq 48000, mode 0a00020a
[LOG] SystemI::createSoundInternal             : done.  OpenState now = FMOD_OPENSTATE_READY.

[LOG] SystemI::createSoundInternal             : filename =  : mode 0a000202
[LOG] SystemI::createSoundInternal             : exinfo->cbsize             = 232
[LOG] SystemI::createSoundInternal             : exinfo->length             = 15259328
[LOG] SystemI::createSoundInternal             : exinfo->fileoffset         = 68480
[LOG] SystemI::createSoundInternal             : exinfo->numsubsounds       = 1
[LOG] SystemI::createSoundInternal             : exinfo->inclusionlist      = 0000000054A4FB48
[LOG] SystemI::createSoundInternal             : exinfo->inclusionlistnum   = 1
[LOG] SystemI::createSoundInternal             : exinfo->suggestedsoundtype = 5
[LOG] SystemI::createSoundInternal             : exinfo->useropen           = 00007FFAB4482DF0
[LOG] SystemI::createSoundInternal             : exinfo->userclose          = 00007FFAB4482DC0
[LOG] SystemI::createSoundInternal             : exinfo->userread           = 00007FFAB4482ED0
[LOG] SystemI::createSoundInternal             : exinfo->userseek           = 00007FFAB4482F80
[LOG] SystemI::createSoundInternal             : exinfo->fileuserdata       = 0000000043A86578
[LOG] SystemI::createSoundInternal             : exinfo->initialseekpostype = 1
[LOG] SystemI::createSoundInternal             : Format has 1 subsounds.
[LOG] SystemI::createSoundInternal             : Create as FMOD_CREATESAMPLE
[LOG] SystemI::createSoundInternal             : Multi-sample sound (1 subsounds), create a sample container.
[LOG] SystemI::createSoundInternal             : creating subsound 0/1
[LOG] SystemI::createSample                    : mode 0a000202 length 39055 samples, lengthbytes 29792
[LOG] SystemI::createSample                    : channels = 1
[LOG] SystemI::createSample                    : output = 000000002EA04778
[LOG] OutputSoftware::createSample             : lengthpcm 39055, lengthbytes 29792, channels 1, format 2, freq 48000, mode 0a00020a
[LOG] SystemI::createSoundInternal             : done.  OpenState now = FMOD_OPENSTATE_READY.

[LOG] SoundI::release                          : (null) (000000002E522388)
[LOG] SoundI::release                          : release subsounds. (000000002E522388)
[LOG] SoundI::release                          :     (null) (000000002E801F88)
[LOG] SoundI::release                          : release codec. (000000002E522388)
[LOG] SoundI::release                          : (null) (000000002E521528)
[LOG] SoundI::release                          : release subsounds. (000000002E521528)
[LOG] SoundI::release                          :     (null) (000000002E8009A8)
[LOG] SoundI::release                          : release codec. (000000002E521528)
[LOG] SoundI::release                          : (null) (000000002E522218)
[LOG] SoundI::release                          : release subsounds. (000000002E522218)
[LOG] SoundI::release                          :     (null) (000000002E800368)
[LOG] SoundI::release                          : release codec. (000000002E522218)
[LOG] SoundI::release                          : (null) (000000002E521F38)
[LOG] SoundI::release                          : release subsounds. (000000002E521F38)
[LOG] SoundI::release                          :     (null) (000000002E801498)
[LOG] SoundI::release                          : release codec. (000000002E521F38)
[LOG] SoundI::release                          : (null) (000000002E5220A8)
[LOG] SoundI::release                          : release subsounds. (000000002E5220A8)
[LOG] SoundI::release                          :     (null) (000000002E800688)
[LOG] SoundI::release                          : release codec. (000000002E5220A8)
[LOG] SoundI::release                          : (null) (000000002E521248)
[LOG] SoundI::release                          : release subsounds. (000000002E521248)
[LOG] SoundI::release                          :     (null) (000000002E801948)
[LOG] SoundI::release                          : release codec. (000000002E521248)
[LOG] SoundI::release                          : (null) (000000002E521978)
[LOG] SoundI::release                          : release subsounds. (000000002E521978)
[LOG] SoundI::release                          :     (null) (000000002E801DF8)
[LOG] SoundI::release                          : release codec. (000000002E521978)
[LOG] Thread::callback                         : * FMOD Studio update thread finished
[LOG] Thread::close                            : FMOD Studio update thread thread destroyed
[LOG] Thread::callback                         : * FMOD Studio bank load thread finished
[LOG] Thread::close                            : FMOD Studio bank load thread thread destroyed
[LOG] Profile::disconnectAll                   : Profiler disconnecting all clients
[LOG] Thread::callback                         : * FMOD Studio sample load thread finished
[LOG] Thread::close                            : FMOD Studio sample load thread thread destroyed
[LOG] LiveUpdate::release                      : 
[LOG] SystemI::close                           : 
[LOG] SystemI::close                           : Stop all sounds
[LOG] Thread::callback                         : * FMOD stream thread finished
[LOG] Thread::close                            : FMOD stream thread thread destroyed
[LOG] SystemI::close                           : Stream thread destroyed
[LOG] Thread::callback                         : * FMOD mixer thread finished
[LOG] Thread::close                            : FMOD mixer thread thread destroyed
[LOG] SystemI::close                           : Free master channel group.
[LOG] SystemI::close                           : Remove 'master' sound group.
[LOG] SystemI::close                           : Free software output.
[LOG] SystemI::close                           : Free emulated output.
[LOG] SystemI::close                           : Free channel pool.
[LOG] SystemI::close                           : done.

